2025-08-13 00:50:45,039 INFO: Added API namespace: products [in C:\Users\user\Desktop\Mulaxx_coffee\mulax_cafe\app\__init__.py:370]
2025-08-13 00:50:45,044 INFO: Added API namespace: stock_movements [in C:\Users\user\Desktop\Mulaxx_coffee\mulax_cafe\app\__init__.py:370]
2025-08-13 00:50:45,045 INFO: Added API namespace: requisitions [in C:\Users\user\Desktop\Mulaxx_coffee\mulax_cafe\app\__init__.py:370]
2025-08-13 00:50:45,046 INFO: Added API namespace: coffee_sales [in C:\Users\user\Desktop\Mulaxx_coffee\mulax_cafe\app\__init__.py:370]
2025-08-13 00:50:45,049 INFO: Added API namespace: clients [in C:\Users\user\Desktop\Mulaxx_coffee\mulax_cafe\app\__init__.py:370]
2025-08-13 00:50:45,052 INFO: Added API namespace: orders [in C:\Users\user\Desktop\Mulaxx_coffee\mulax_cafe\app\__init__.py:370]
2025-08-13 00:50:45,054 INFO: Added API namespace: reports [in C:\Users\user\Desktop\Mulaxx_coffee\mulax_cafe\app\__init__.py:370]
2025-08-13 00:50:45,057 INFO: Added API namespace: shifts [in C:\Users\user\Desktop\Mulaxx_coffee\mulax_cafe\app\__init__.py:370]
2025-08-13 00:50:45,061 INFO: Scheduled tasks initialized [in C:\Users\user\Desktop\Mulaxx_coffee\mulax_cafe\app\__init__.py:278]
2025-08-13 00:50:46,469 INFO: Mulax Cafe startup [in C:\Users\user\Desktop\Mulaxx_coffee\mulax_cafe\app\__init__.py:308]
2025-08-13 00:50:46,483 INFO: Database connection established [in C:\Users\user\Desktop\Mulaxx_coffee\mulax_cafe\app\__init__.py:60]
2025-08-13 00:50:48,060 INFO: Registered blueprint: main [in C:\Users\user\Desktop\Mulaxx_coffee\mulax_cafe\app\__init__.py:340]
2025-08-13 00:50:48,063 INFO: Registered blueprint: auth [in C:\Users\user\Desktop\Mulaxx_coffee\mulax_cafe\app\__init__.py:340]
2025-08-13 00:50:48,067 INFO: Registered blueprint: requisitions [in C:\Users\user\Desktop\Mulaxx_coffee\mulax_cafe\app\__init__.py:340]
2025-08-13 00:50:48,071 INFO: Registered blueprint: product [in C:\Users\user\Desktop\Mulaxx_coffee\mulax_cafe\app\__init__.py:340]
2025-08-13 00:50:48,074 INFO: Registered blueprint: coffee [in C:\Users\user\Desktop\Mulaxx_coffee\mulax_cafe\app\__init__.py:340]
2025-08-13 00:50:48,076 INFO: Registered blueprint: kitchen [in C:\Users\user\Desktop\Mulaxx_coffee\mulax_cafe\app\__init__.py:340]
2025-08-13 00:50:48,079 INFO: Registered blueprint: orders [in C:\Users\user\Desktop\Mulaxx_coffee\mulax_cafe\app\__init__.py:340]
2025-08-13 00:50:48,083 INFO: Registered blueprint: tables [in C:\Users\user\Desktop\Mulaxx_coffee\mulax_cafe\app\__init__.py:340]
2025-08-13 00:50:48,084 INFO: Registered blueprint: notifications [in C:\Users\user\Desktop\Mulaxx_coffee\mulax_cafe\app\__init__.py:340]
2025-08-13 00:50:48,087 ERROR: Failed to register blueprint shifts: View function mapping is overwriting an existing endpoint function: shifts.current_shift [in C:\Users\user\Desktop\Mulaxx_coffee\mulax_cafe\app\__init__.py:342]
2025-08-13 00:50:48,089 INFO: Registered blueprint: waiters [in C:\Users\user\Desktop\Mulaxx_coffee\mulax_cafe\app\__init__.py:340]
2025-08-13 00:50:48,093 INFO: Database tables created successfully. [in C:\Users\user\Desktop\Mulaxx_coffee\mulax_cafe\app\__init__.py:124]
2025-08-13 00:50:48,149 INFO: Created Day Shift (7am-5pm) [in C:\Users\user\Desktop\Mulaxx_coffee\mulax_cafe\app\__init__.py:185]
2025-08-13 00:50:48,150 INFO: Created Night Shift (5pm-00:00am) [in C:\Users\user\Desktop\Mulaxx_coffee\mulax_cafe\app\__init__.py:195]
2025-08-13 00:50:48,168 INFO: Added API namespace: users [in C:\Users\user\Desktop\Mulaxx_coffee\mulax_cafe\app\__init__.py:370]
2025-08-13 00:50:48,180 INFO: Added API namespace: products [in C:\Users\user\Desktop\Mulaxx_coffee\mulax_cafe\app\__init__.py:370]
2025-08-13 00:50:48,182 INFO: Added API namespace: stock_movements [in C:\Users\user\Desktop\Mulaxx_coffee\mulax_cafe\app\__init__.py:370]
2025-08-13 00:50:48,185 INFO: Added API namespace: requisitions [in C:\Users\user\Desktop\Mulaxx_coffee\mulax_cafe\app\__init__.py:370]
2025-08-13 00:50:48,187 INFO: Added API namespace: coffee_sales [in C:\Users\user\Desktop\Mulaxx_coffee\mulax_cafe\app\__init__.py:370]
2025-08-13 00:50:48,188 INFO: Added API namespace: clients [in C:\Users\user\Desktop\Mulaxx_coffee\mulax_cafe\app\__init__.py:370]
2025-08-13 00:50:48,190 INFO: Added API namespace: orders [in C:\Users\user\Desktop\Mulaxx_coffee\mulax_cafe\app\__init__.py:370]
2025-08-13 00:50:48,191 INFO: Added API namespace: reports [in C:\Users\user\Desktop\Mulaxx_coffee\mulax_cafe\app\__init__.py:370]
2025-08-13 00:50:48,191 INFO: Added API namespace: shifts [in C:\Users\user\Desktop\Mulaxx_coffee\mulax_cafe\app\__init__.py:370]
2025-08-13 00:50:48,191 INFO: Scheduled tasks initialized [in C:\Users\user\Desktop\Mulaxx_coffee\mulax_cafe\app\__init__.py:278]
2025-08-13 00:50:57,974 INFO: Scheduler shutdown complete [in C:\Users\user\Desktop\Mulaxx_coffee\mulax_cafe\app\__init__.py:286]
2025-08-13 01:11:37,482 INFO: Mulax Cafe startup [in C:\Users\user\Desktop\Mulaxx_coffee\mulax_cafe\app\__init__.py:308]
2025-08-13 01:11:37,532 INFO: Database connection established [in C:\Users\user\Desktop\Mulaxx_coffee\mulax_cafe\app\__init__.py:60]
2025-08-13 01:11:39,937 INFO: Registered blueprint: main [in C:\Users\user\Desktop\Mulaxx_coffee\mulax_cafe\app\__init__.py:340]
2025-08-13 01:11:39,939 INFO: Registered blueprint: auth [in C:\Users\user\Desktop\Mulaxx_coffee\mulax_cafe\app\__init__.py:340]
2025-08-13 01:11:39,941 INFO: Registered blueprint: requisitions [in C:\Users\user\Desktop\Mulaxx_coffee\mulax_cafe\app\__init__.py:340]
2025-08-13 01:11:39,944 INFO: Registered blueprint: product [in C:\Users\user\Desktop\Mulaxx_coffee\mulax_cafe\app\__init__.py:340]
2025-08-13 01:11:39,947 INFO: Registered blueprint: coffee [in C:\Users\user\Desktop\Mulaxx_coffee\mulax_cafe\app\__init__.py:340]
2025-08-13 01:11:39,949 INFO: Registered blueprint: kitchen [in C:\Users\user\Desktop\Mulaxx_coffee\mulax_cafe\app\__init__.py:340]
2025-08-13 01:11:39,954 INFO: Registered blueprint: orders [in C:\Users\user\Desktop\Mulaxx_coffee\mulax_cafe\app\__init__.py:340]
2025-08-13 01:11:39,959 INFO: Registered blueprint: tables [in C:\Users\user\Desktop\Mulaxx_coffee\mulax_cafe\app\__init__.py:340]
2025-08-13 01:11:39,961 INFO: Registered blueprint: notifications [in C:\Users\user\Desktop\Mulaxx_coffee\mulax_cafe\app\__init__.py:340]
2025-08-13 01:11:39,962 ERROR: Failed to register blueprint shifts: View function mapping is overwriting an existing endpoint function: shifts.current_shift [in C:\Users\user\Desktop\Mulaxx_coffee\mulax_cafe\app\__init__.py:342]
2025-08-13 01:11:39,966 INFO: Registered blueprint: waiters [in C:\Users\user\Desktop\Mulaxx_coffee\mulax_cafe\app\__init__.py:340]
2025-08-13 01:11:39,980 INFO: Database tables created successfully. [in C:\Users\user\Desktop\Mulaxx_coffee\mulax_cafe\app\__init__.py:124]
2025-08-13 01:11:40,042 INFO: Created Day Shift (7am-5pm) [in C:\Users\user\Desktop\Mulaxx_coffee\mulax_cafe\app\__init__.py:185]
2025-08-13 01:11:40,043 INFO: Created Night Shift (5pm-00:00am) [in C:\Users\user\Desktop\Mulaxx_coffee\mulax_cafe\app\__init__.py:195]
2025-08-13 01:11:40,078 INFO: Added API namespace: users [in C:\Users\user\Desktop\Mulaxx_coffee\mulax_cafe\app\__init__.py:370]
2025-08-13 01:11:40,080 INFO: Added API namespace: products [in C:\Users\user\Desktop\Mulaxx_coffee\mulax_cafe\app\__init__.py:370]
2025-08-13 01:11:40,082 INFO: Added API namespace: stock_movements [in C:\Users\user\Desktop\Mulaxx_coffee\mulax_cafe\app\__init__.py:370]
2025-08-13 01:11:40,083 INFO: Added API namespace: requisitions [in C:\Users\user\Desktop\Mulaxx_coffee\mulax_cafe\app\__init__.py:370]
2025-08-13 01:11:40,085 INFO: Added API namespace: coffee_sales [in C:\Users\user\Desktop\Mulaxx_coffee\mulax_cafe\app\__init__.py:370]
2025-08-13 01:11:40,089 INFO: Added API namespace: clients [in C:\Users\user\Desktop\Mulaxx_coffee\mulax_cafe\app\__init__.py:370]
2025-08-13 01:11:40,092 INFO: Added API namespace: orders [in C:\Users\user\Desktop\Mulaxx_coffee\mulax_cafe\app\__init__.py:370]
2025-08-13 01:11:40,094 INFO: Added API namespace: reports [in C:\Users\user\Desktop\Mulaxx_coffee\mulax_cafe\app\__init__.py:370]
2025-08-13 01:11:40,096 INFO: Added API namespace: shifts [in C:\Users\user\Desktop\Mulaxx_coffee\mulax_cafe\app\__init__.py:370]
2025-08-13 01:11:40,100 INFO: Scheduled tasks initialized [in C:\Users\user\Desktop\Mulaxx_coffee\mulax_cafe\app\__init__.py:278]
2025-08-13 01:11:41,334 INFO: Mulax Cafe startup [in C:\Users\user\Desktop\Mulaxx_coffee\mulax_cafe\app\__init__.py:308]
2025-08-13 01:11:41,355 INFO: Database connection established [in C:\Users\user\Desktop\Mulaxx_coffee\mulax_cafe\app\__init__.py:60]
2025-08-13 01:11:42,974 INFO: Registered blueprint: main [in C:\Users\user\Desktop\Mulaxx_coffee\mulax_cafe\app\__init__.py:340]
2025-08-13 01:11:42,974 INFO: Registered blueprint: auth [in C:\Users\user\Desktop\Mulaxx_coffee\mulax_cafe\app\__init__.py:340]
2025-08-13 01:11:42,987 INFO: Registered blueprint: requisitions [in C:\Users\user\Desktop\Mulaxx_coffee\mulax_cafe\app\__init__.py:340]
2025-08-13 01:11:42,991 INFO: Registered blueprint: product [in C:\Users\user\Desktop\Mulaxx_coffee\mulax_cafe\app\__init__.py:340]
2025-08-13 01:11:42,994 INFO: Registered blueprint: coffee [in C:\Users\user\Desktop\Mulaxx_coffee\mulax_cafe\app\__init__.py:340]
2025-08-13 01:11:42,997 INFO: Registered blueprint: kitchen [in C:\Users\user\Desktop\Mulaxx_coffee\mulax_cafe\app\__init__.py:340]
2025-08-13 01:11:43,000 INFO: Registered blueprint: orders [in C:\Users\user\Desktop\Mulaxx_coffee\mulax_cafe\app\__init__.py:340]
2025-08-13 01:11:43,006 INFO: Registered blueprint: tables [in C:\Users\user\Desktop\Mulaxx_coffee\mulax_cafe\app\__init__.py:340]
2025-08-13 01:11:43,008 INFO: Registered blueprint: notifications [in C:\Users\user\Desktop\Mulaxx_coffee\mulax_cafe\app\__init__.py:340]
2025-08-13 01:11:43,015 ERROR: Failed to register blueprint shifts: View function mapping is overwriting an existing endpoint function: shifts.current_shift [in C:\Users\user\Desktop\Mulaxx_coffee\mulax_cafe\app\__init__.py:342]
